生成启动时间为 2013/7/23 19:48:12。
     1>项目“e:\Workstation\cache\tradecache\cache\cache\cache.vcxproj”在节点 2 上(rebuild 个目标)。
     1>_PrepareForClean:
         正在删除文件“Debug\cache.lastbuildstate”。
       InitializeBuildStatus:
         正在创建“Debug\cache.unsuccessfulbuild”，因为已指定“AlwaysCreate”。
       ClCompile:
         d:\Program Files\Microsoft Visual Studio 10.0\VC\bin\CL.exe /c /I"e:\Program Files (x86)\Lua\5.1\include" /ZI /nologo /W3 /WX- /Od /Oy- /D WIN32 /D _DEBUG /D _LIB /D _WINDLL /D _UNICODE /D UNICODE /Gm /EHsc /RTC1 /MDd /GS /fp:precise /Zc:wchar_t /Zc:forScope /Fo"Debug\\" /Fd"Debug\vc100.pdb" /Gd /TP /analyze- /errorReport:prompt cachelib.cpp dllmain.cpp
         dllmain.cpp
         cachelib.cpp
         正在生成代码...
       Link:
         d:\Program Files\Microsoft Visual Studio 10.0\VC\bin\link.exe /ERRORREPORT:PROMPT /OUT:"E:\Workstation\cache\tradecache\cache\Debug\cache.dll" /NOLOGO /LIBPATH:"e:\Program Files (x86)\Lua\5.1\lib" lua5.1.lib kernel32.lib user32.lib gdi32.lib winspool.lib comdlg32.lib advapi32.lib shell32.lib ole32.lib oleaut32.lib uuid.lib odbc32.lib odbccp32.lib kernel32.lib user32.lib gdi32.lib winspool.lib comdlg32.lib advapi32.lib shell32.lib ole32.lib oleaut32.lib uuid.lib odbc32.lib odbccp32.lib /MANIFEST /ManifestFile:"Debug\cache.dll.intermediate.manifest" /MANIFESTUAC:"level='asInvoker' uiAccess='false'" /DEBUG /PDB:"E:\Workstation\cache\tradecache\cache\Debug\cache.pdb" /SUBSYSTEM:WINDOWS /TLBID:1 /DYNAMICBASE /NXCOMPAT /IMPLIB:"E:\Workstation\cache\tradecache\cache\Debug\cache.lib" /MACHINE:X86 /DLL Debug\cachelib.obj
         Debug\dllmain.obj
            正在创建库 E:\Workstation\cache\tradecache\cache\Debug\cache.lib 和对象 E:\Workstation\cache\tradecache\cache\Debug\cache.exp
         cache.vcxproj -> E:\Workstation\cache\tradecache\cache\Debug\cache.dll
       Manifest:
         C:\Program Files (x86)\Microsoft SDKs\Windows\v7.0A\bin\mt.exe /nologo /verbose /outputresource:"E:\Workstation\cache\tradecache\cache\Debug\cache.dll;#2" /manifest Debug\cache.dll.intermediate.manifest
       PostBuildEvent:
         cp E:\Workstation\cache\tradecache\cache\Debug/cache.dll E:\Workstation\cache\tradecache\cache\../src/
         :VCEnd
       FinalizeBuildStatus:
         正在删除文件“Debug\cache.unsuccessfulbuild”。
         正在对“Debug\cache.lastbuildstate”执行 Touch 任务。
     1>已完成生成项目“e:\Workstation\cache\tradecache\cache\cache\cache.vcxproj”(rebuild 个目标)的操作。

生成成功。

已用时间 00:00:03.24
