e:\Workstation\cache\tradecache\cache\cache\Debug\cache.dll.intermediate.manifest
e:\Workstation\cache\tradecache\cache\cache\Debug\cache.write.1.tlog
e:\Workstation\cache\tradecache\cache\cache\Debug\cachelib.obj
e:\Workstation\cache\tradecache\cache\cache\Debug\cl.command.1.tlog
e:\Workstation\cache\tradecache\cache\cache\Debug\CL.read.1.tlog
e:\Workstation\cache\tradecache\cache\cache\Debug\CL.write.1.tlog
e:\Workstation\cache\tradecache\cache\cache\Debug\dllmain.obj
e:\Workstation\cache\tradecache\cache\cache\Debug\link.command.1.tlog
e:\Workstation\cache\tradecache\cache\cache\Debug\link.read.1.tlog
e:\Workstation\cache\tradecache\cache\cache\Debug\link.write.1.tlog
e:\Workstation\cache\tradecache\cache\cache\Debug\mt.command.1.tlog
e:\Workstation\cache\tradecache\cache\cache\Debug\mt.read.1.tlog
e:\Workstation\cache\tradecache\cache\cache\Debug\mt.write.1.tlog
e:\Workstation\cache\tradecache\cache\cache\Debug\vc100.idb
e:\Workstation\cache\tradecache\cache\cache\Debug\vc100.pdb
E:\Workstation\cache\tradecache\cache\Debug\cache.dll
E:\Workstation\cache\tradecache\cache\Debug\cache.ilk
E:\Workstation\cache\tradecache\cache\Debug\cache.pdb
E:\WORKSTATION\TRADECACHE\CACHE\CACHE\DEBUG\CACHE.DLL.INTERMEDIATE.MANIFEST
E:\WORKSTATION\TRADECACHE\CACHE\CACHE\DEBUG\CACHELIB.OBJ
E:\WORKSTATION\TRADECACHE\CACHE\CACHE\DEBUG\DLLMAIN.OBJ
E:\WORKSTATION\TRADECACHE\CACHE\CACHE\DEBUG\VC100.PDB
E:\WORKSTATION\TRADECACHE\CACHE\DEBUG\CACHE.DLL
E:\Workstation\tradecache\cache\Debug\cache.exp
E:\WORKSTATION\TRADECACHE\CACHE\DEBUG\CACHE.ILK
E:\Workstation\tradecache\cache\Debug\cache.lib
E:\WORKSTATION\TRADECACHE\CACHE\DEBUG\CACHE.PDB
